<?xml version="1.0" encoding="UTF-8"?>
<coverage generated="1613162973754" clover="3.2.0">
  <project timestamp="1613162973755" name="All files">
    <metrics statements="57" coveredstatements="26" conditionals="18" coveredconditionals="9" methods="15" coveredmethods="9" elements="90" coveredelements="44" complexity="0" loc="57" ncloc="57" packages="1" files="3" classes="3"/>
    <file name="board.js" path="/home/alexandr/Projects/odin_on_rails/tictactoe/src/board.js">
      <metrics statements="26" coveredstatements="15" conditionals="6" coveredconditionals="3" methods="10" coveredmethods="7"/>
      <line num="4" count="0" type="stmt"/>
      <line num="5" count="0" type="stmt"/>
      <line num="6" count="0" type="stmt"/>
      <line num="7" count="0" type="stmt"/>
      <line num="11" count="1" type="stmt"/>
      <line num="16" count="5" type="stmt"/>
      <line num="18" count="27" type="cond" truecount="1" falsecount="1"/>
      <line num="23" count="10" type="stmt"/>
      <line num="25" count="8" type="stmt"/>
      <line num="26" count="8" type="stmt"/>
      <line num="27" count="72" type="cond" truecount="2" falsecount="0"/>
      <line num="29" count="8" type="stmt"/>
      <line num="36" count="0" type="stmt"/>
      <line num="37" count="0" type="cond" truecount="0" falsecount="2"/>
      <line num="38" count="0" type="stmt"/>
      <line num="40" count="0" type="stmt"/>
      <line num="50" count="5" type="stmt"/>
      <line num="52" count="5" type="stmt"/>
      <line num="63" count="5" type="stmt"/>
      <line num="68" count="5" type="stmt"/>
      <line num="69" count="32" type="stmt"/>
      <line num="70" count="51" type="stmt"/>
      <line num="73" count="5" type="stmt"/>
      <line num="77" count="0" type="stmt"/>
      <line num="78" count="0" type="stmt"/>
      <line num="79" count="0" type="stmt"/>
    </file>
    <file name="utility.js" path="/home/alexandr/Projects/odin_on_rails/tictactoe/src/utility.js">
      <metrics statements="8" coveredstatements="5" conditionals="4" coveredconditionals="4" methods="2" coveredmethods="1"/>
      <line num="2" count="23" type="stmt"/>
      <line num="4" count="23" type="cond" truecount="2" falsecount="0"/>
      <line num="5" count="2" type="stmt"/>
      <line num="6" count="21" type="cond" truecount="2" falsecount="0"/>
      <line num="7" count="3" type="stmt"/>
      <line num="12" count="0" type="stmt"/>
      <line num="13" count="0" type="stmt"/>
      <line num="14" count="0" type="stmt"/>
    </file>
    <file name="view.js" path="/home/alexandr/Projects/odin_on_rails/tictactoe/src/view.js">
      <metrics statements="23" coveredstatements="6" conditionals="8" coveredconditionals="2" methods="3" coveredmethods="1"/>
      <line num="5" count="2" type="stmt"/>
      <line num="7" count="2" type="stmt"/>
      <line num="9" count="2" type="stmt"/>
      <line num="10" count="18" type="cond" truecount="2" falsecount="0"/>
      <line num="11" count="1" type="stmt"/>
      <line num="13" count="17" type="stmt"/>
      <line num="19" count="0" type="stmt"/>
      <line num="20" count="0" type="stmt"/>
      <line num="21" count="0" type="stmt"/>
      <line num="22" count="0" type="stmt"/>
      <line num="23" count="0" type="stmt"/>
      <line num="25" count="0" type="stmt"/>
      <line num="26" count="0" type="stmt"/>
      <line num="35" count="0" type="cond" truecount="0" falsecount="2"/>
      <line num="36" count="0" type="stmt"/>
      <line num="37" count="0" type="stmt"/>
      <line num="38" count="0" type="stmt"/>
      <line num="40" count="0" type="cond" truecount="0" falsecount="2"/>
      <line num="41" count="0" type="stmt"/>
      <line num="42" count="0" type="cond" truecount="0" falsecount="2"/>
      <line num="43" count="0" type="stmt"/>
      <line num="45" count="0" type="stmt"/>
      <line num="47" count="0" type="stmt"/>
    </file>
  </project>
</coverage>
