{"/home/alexandr/Projects/odin_on_rails/tictactoe/src/board.js": {"path":"/home/alexandr/Projects/odin_on_rails/tictactoe/src/board.js","statementMap":{"0":{"start":{"line":4,"column":2},"end":{"line":4,"column":55}},"1":{"start":{"line":5,"column":2},"end":{"line":5,"column":55}},"2":{"start":{"line":6,"column":2},"end":{"line":6,"column":55}},"3":{"start":{"line":7,"column":2},"end":{"line":7,"column":20}},"4":{"start":{"line":11,"column":2},"end":{"line":11,"column":37}},"5":{"start":{"line":16,"column":2},"end":{"line":16,"column":38}},"6":{"start":{"line":18,"column":2},"end":{"line":18,"column":62}},"7":{"start":{"line":18,"column":32},"end":{"line":18,"column":54}},"8":{"start":{"line":23,"column":2},"end":{"line":23,"column":38}},"9":{"start":{"line":25,"column":15},"end":{"line":25,"column":17}},"10":{"start":{"line":26,"column":2},"end":{"line":28,"column":3}},"11":{"start":{"line":27,"column":4},"end":{"line":27,"column":42}},"12":{"start":{"line":27,"column":23},"end":{"line":27,"column":42}},"13":{"start":{"line":29,"column":2},"end":{"line":29,"column":16}},"14":{"start":{"line":36,"column":12},"end":{"line":36,"column":17}},"15":{"start":{"line":37,"column":2},"end":{"line":39,"column":3}},"16":{"start":{"line":38,"column":4},"end":{"line":38,"column":15}},"17":{"start":{"line":40,"column":2},"end":{"line":40,"column":13}},"18":{"start":{"line":50,"column":2},"end":{"line":50,"column":38}},"19":{"start":{"line":52,"column":22},"end":{"line":61,"column":3}},"20":{"start":{"line":63,"column":15},"end":{"line":63,"column":42}},"21":{"start":{"line":68,"column":14},"end":{"line":72,"column":4}},"22":{"start":{"line":69,"column":4},"end":{"line":71,"column":7}},"23":{"start":{"line":70,"column":6},"end":{"line":70,"column":35}},"24":{"start":{"line":73,"column":2},"end":{"line":73,"column":15}},"25":{"start":{"line":77,"column":19},"end":{"line":77,"column":42}},"26":{"start":{"line":78,"column":21},"end":{"line":78,"column":54}},"27":{"start":{"line":79,"column":2},"end":{"line":79,"column":22}}},"fnMap":{"0":{"name":"logBoard","decl":{"start":{"line":3,"column":9},"end":{"line":3,"column":17}},"loc":{"start":{"line":3,"column":25},"end":{"line":8,"column":1}},"line":3},"1":{"name":"getDefaultBoardState","decl":{"start":{"line":10,"column":9},"end":{"line":10,"column":29}},"loc":{"start":{"line":10,"column":32},"end":{"line":12,"column":1}},"line":10},"2":{"name":"getAllEmptyCells","decl":{"start":{"line":14,"column":9},"end":{"line":14,"column":25}},"loc":{"start":{"line":14,"column":33},"end":{"line":19,"column":1}},"line":14},"3":{"name":"(anonymous_3)","decl":{"start":{"line":18,"column":22},"end":{"line":18,"column":23}},"loc":{"start":{"line":18,"column":32},"end":{"line":18,"column":54}},"line":18},"4":{"name":"getMarkedCells","decl":{"start":{"line":21,"column":9},"end":{"line":21,"column":23}},"loc":{"start":{"line":21,"column":37},"end":{"line":30,"column":1}},"line":21},"5":{"name":"isTie","decl":{"start":{"line":32,"column":9},"end":{"line":32,"column":14}},"loc":{"start":{"line":32,"column":22},"end":{"line":41,"column":1}},"line":32},"6":{"name":"isWin","decl":{"start":{"line":43,"column":9},"end":{"line":43,"column":14}},"loc":{"start":{"line":43,"column":28},"end":{"line":74,"column":1}},"line":43},"7":{"name":"(anonymous_7)","decl":{"start":{"line":68,"column":33},"end":{"line":68,"column":34}},"loc":{"start":{"line":68,"column":51},"end":{"line":72,"column":3}},"line":68},"8":{"name":"(anonymous_8)","decl":{"start":{"line":69,"column":30},"end":{"line":69,"column":31}},"loc":{"start":{"line":69,"column":40},"end":{"line":71,"column":5}},"line":69},"9":{"name":"getRandomEmptyCellId","decl":{"start":{"line":76,"column":9},"end":{"line":76,"column":29}},"loc":{"start":{"line":76,"column":37},"end":{"line":80,"column":1}},"line":76}},"branchMap":{"0":{"loc":{"start":{"line":18,"column":9},"end":{"line":18,"column":61}},"type":"binary-expr","locations":[{"start":{"line":18,"column":9},"end":{"line":18,"column":55}},{"start":{"line":18,"column":59},"end":{"line":18,"column":61}}],"line":18},"1":{"loc":{"start":{"line":27,"column":4},"end":{"line":27,"column":42}},"type":"if","locations":[{"start":{"line":27,"column":4},"end":{"line":27,"column":42}},{"start":{"line":27,"column":4},"end":{"line":27,"column":42}}],"line":27},"2":{"loc":{"start":{"line":37,"column":2},"end":{"line":39,"column":3}},"type":"if","locations":[{"start":{"line":37,"column":2},"end":{"line":39,"column":3}},{"start":{"line":37,"column":2},"end":{"line":39,"column":3}}],"line":37}},"s":{"0":0,"1":0,"2":0,"3":0,"4":1,"5":5,"6":3,"7":27,"8":10,"9":8,"10":8,"11":72,"12":21,"13":8,"14":0,"15":0,"16":0,"17":0,"18":5,"19":5,"20":5,"21":5,"22":32,"23":51,"24":5,"25":0,"26":0,"27":0},"f":{"0":0,"1":1,"2":5,"3":27,"4":10,"5":0,"6":5,"7":32,"8":51,"9":0},"b":{"0":[3,0],"1":[21,51],"2":[0,0]},"_coverageSchema":"1a1c01bbd47fc00a2c39e90264f33305004495a9","hash":"97c8ad17bd9ee27d494344c0661751617a033a4d"}
,"/home/alexandr/Projects/odin_on_rails/tictactoe/src/utility.js": {"path":"/home/alexandr/Projects/odin_on_rails/tictactoe/src/utility.js","statementMap":{"0":{"start":{"line":2,"column":13},"end":{"line":2,"column":23}},"1":{"start":{"line":4,"column":2},"end":{"line":8,"column":3}},"2":{"start":{"line":5,"column":4},"end":{"line":5,"column":69}},"3":{"start":{"line":6,"column":9},"end":{"line":8,"column":3}},"4":{"start":{"line":7,"column":4},"end":{"line":7,"column":48}},"5":{"start":{"line":12,"column":12},"end":{"line":12,"column":22}},"6":{"start":{"line":13,"column":19},"end":{"line":13,"column":50}},"7":{"start":{"line":14,"column":2},"end":{"line":14,"column":25}}},"fnMap":{"0":{"name":"checkIfNotEmptyArray","decl":{"start":{"line":1,"column":9},"end":{"line":1,"column":29}},"loc":{"start":{"line":1,"column":35},"end":{"line":9,"column":1}},"line":1},"1":{"name":"getRandomItem","decl":{"start":{"line":11,"column":9},"end":{"line":11,"column":22}},"loc":{"start":{"line":11,"column":28},"end":{"line":15,"column":1}},"line":11}},"branchMap":{"0":{"loc":{"start":{"line":4,"column":2},"end":{"line":8,"column":3}},"type":"if","locations":[{"start":{"line":4,"column":2},"end":{"line":8,"column":3}},{"start":{"line":4,"column":2},"end":{"line":8,"column":3}}],"line":4},"1":{"loc":{"start":{"line":6,"column":9},"end":{"line":8,"column":3}},"type":"if","locations":[{"start":{"line":6,"column":9},"end":{"line":8,"column":3}},{"start":{"line":6,"column":9},"end":{"line":8,"column":3}}],"line":6}},"s":{"0":23,"1":23,"2":2,"3":21,"4":3,"5":0,"6":0,"7":0},"f":{"0":23,"1":0},"b":{"0":[2,21],"1":[3,18]},"_coverageSchema":"1a1c01bbd47fc00a2c39e90264f33305004495a9","hash":"89ccb4b0c59cadd1a395a6be053e0a5a732f45c4"}
,"/home/alexandr/Projects/odin_on_rails/tictactoe/src/view.js": {"path":"/home/alexandr/Projects/odin_on_rails/tictactoe/src/view.js","statementMap":{"0":{"start":{"line":5,"column":2},"end":{"line":5,"column":38}},"1":{"start":{"line":7,"column":14},"end":{"line":7,"column":53}},"2":{"start":{"line":9,"column":2},"end":{"line":15,"column":3}},"3":{"start":{"line":10,"column":4},"end":{"line":14,"column":5}},"4":{"start":{"line":11,"column":6},"end":{"line":11,"column":38}},"5":{"start":{"line":13,"column":6},"end":{"line":13,"column":36}},"6":{"start":{"line":19,"column":16},"end":{"line":19,"column":61}},"7":{"start":{"line":20,"column":17},"end":{"line":20,"column":60}},"8":{"start":{"line":21,"column":2},"end":{"line":21,"column":29}},"9":{"start":{"line":22,"column":2},"end":{"line":22,"column":39}},"10":{"start":{"line":23,"column":2},"end":{"line":23,"column":40}},"11":{"start":{"line":25,"column":2},"end":{"line":25,"column":30}},"12":{"start":{"line":26,"column":2},"end":{"line":26,"column":31}},"13":{"start":{"line":35,"column":2},"end":{"line":35,"column":39}},"14":{"start":{"line":35,"column":32},"end":{"line":35,"column":39}},"15":{"start":{"line":36,"column":17},"end":{"line":36,"column":55}},"16":{"start":{"line":37,"column":16},"end":{"line":37,"column":44}},"17":{"start":{"line":38,"column":12},"end":{"line":38,"column":41}},"18":{"start":{"line":40,"column":2},"end":{"line":46,"column":3}},"19":{"start":{"line":41,"column":4},"end":{"line":41,"column":20}},"20":{"start":{"line":42,"column":9},"end":{"line":46,"column":3}},"21":{"start":{"line":43,"column":4},"end":{"line":43,"column":19}},"22":{"start":{"line":45,"column":4},"end":{"line":45,"column":15}},"23":{"start":{"line":47,"column":2},"end":{"line":47,"column":20}}},"fnMap":{"0":{"name":"renderBoard","decl":{"start":{"line":3,"column":9},"end":{"line":3,"column":20}},"loc":{"start":{"line":3,"column":28},"end":{"line":16,"column":1}},"line":3},"1":{"name":"showMessage","decl":{"start":{"line":18,"column":9},"end":{"line":18,"column":20}},"loc":{"start":{"line":18,"column":27},"end":{"line":27,"column":1}},"line":18},"2":{"name":"renderMessage","decl":{"start":{"line":29,"column":9},"end":{"line":29,"column":22}},"loc":{"start":{"line":29,"column":34},"end":{"line":48,"column":1}},"line":29}},"branchMap":{"0":{"loc":{"start":{"line":10,"column":4},"end":{"line":14,"column":5}},"type":"if","locations":[{"start":{"line":10,"column":4},"end":{"line":14,"column":5}},{"start":{"line":10,"column":4},"end":{"line":14,"column":5}}],"line":10},"1":{"loc":{"start":{"line":35,"column":2},"end":{"line":35,"column":39}},"type":"if","locations":[{"start":{"line":35,"column":2},"end":{"line":35,"column":39}},{"start":{"line":35,"column":2},"end":{"line":35,"column":39}}],"line":35},"2":{"loc":{"start":{"line":40,"column":2},"end":{"line":46,"column":3}},"type":"if","locations":[{"start":{"line":40,"column":2},"end":{"line":46,"column":3}},{"start":{"line":40,"column":2},"end":{"line":46,"column":3}}],"line":40},"3":{"loc":{"start":{"line":42,"column":9},"end":{"line":46,"column":3}},"type":"if","locations":[{"start":{"line":42,"column":9},"end":{"line":46,"column":3}},{"start":{"line":42,"column":9},"end":{"line":46,"column":3}}],"line":42}},"s":{"0":2,"1":2,"2":2,"3":18,"4":1,"5":17,"6":0,"7":0,"8":0,"9":0,"10":0,"11":0,"12":0,"13":0,"14":0,"15":0,"16":0,"17":0,"18":0,"19":0,"20":0,"21":0,"22":0,"23":0},"f":{"0":2,"1":0,"2":0},"b":{"0":[1,17],"1":[0,0],"2":[0,0],"3":[0,0]},"_coverageSchema":"1a1c01bbd47fc00a2c39e90264f33305004495a9","hash":"9100a9dc7662b5fd979172da09640ccedbdd7594"}
}
