TN:
SF:src/board.js
FN:3,logBoard
FN:10,getDefaultBoardState
FN:14,getAllEmptyCells
FN:18,(anonymous_3)
FN:21,getMarkedCells
FN:32,isTie
FN:43,isWin
FN:68,(anonymous_7)
FN:69,(anonymous_8)
FN:76,getRandomEmptyCellId
FNF:10
FNH:7
FNDA:0,logBoard
FNDA:1,getDefaultBoardState
FNDA:5,getAllEmptyCells
FNDA:27,(anonymous_3)
FNDA:10,getMarkedCells
FNDA:0,isTie
FNDA:5,isWin
FNDA:32,(anonymous_7)
FNDA:51,(anonymous_8)
FNDA:0,getRandomEmptyCellId
DA:4,0
DA:5,0
DA:6,0
DA:7,0
DA:11,1
DA:16,5
DA:18,27
DA:23,10
DA:25,8
DA:26,8
DA:27,72
DA:29,8
DA:36,0
DA:37,0
DA:38,0
DA:40,0
DA:50,5
DA:52,5
DA:63,5
DA:68,5
DA:69,32
DA:70,51
DA:73,5
DA:77,0
DA:78,0
DA:79,0
LF:26
LH:15
BRDA:18,0,0,3
BRDA:18,0,1,0
BRDA:27,1,0,21
BRDA:27,1,1,51
BRDA:37,2,0,0
BRDA:37,2,1,0
BRF:6
BRH:3
end_of_record
TN:
SF:src/utility.js
FN:1,checkIfNotEmptyArray
FN:11,getRandomItem
FNF:2
FNH:1
FNDA:23,checkIfNotEmptyArray
FNDA:0,getRandomItem
DA:2,23
DA:4,23
DA:5,2
DA:6,21
DA:7,3
DA:12,0
DA:13,0
DA:14,0
LF:8
LH:5
BRDA:4,0,0,2
BRDA:4,0,1,21
BRDA:6,1,0,3
BRDA:6,1,1,18
BRF:4
BRH:4
end_of_record
TN:
SF:src/view.js
FN:3,renderBoard
FN:18,showMessage
FN:29,renderMessage
FNF:3
FNH:1
FNDA:2,renderBoard
FNDA:0,showMessage
FNDA:0,renderMessage
DA:5,2
DA:7,2
DA:9,2
DA:10,18
DA:11,1
DA:13,17
DA:19,0
DA:20,0
DA:21,0
DA:22,0
DA:23,0
DA:25,0
DA:26,0
DA:35,0
DA:36,0
DA:37,0
DA:38,0
DA:40,0
DA:41,0
DA:42,0
DA:43,0
DA:45,0
DA:47,0
LF:23
LH:6
BRDA:10,0,0,1
BRDA:10,0,1,17
BRDA:35,1,0,0
BRDA:35,1,1,0
BRDA:40,2,0,0
BRDA:40,2,1,0
BRDA:42,3,0,0
BRDA:42,3,1,0
BRF:8
BRH:2
end_of_record
